<?xml version="1.0" encoding="UTF-8"?>
<!-- Generated by org.testng.reporters.JUnitReportReporter -->
<testsuite skipped="0" hostname="DESKTOP-P88FQBC" name="facebookhome.LoginTest" tests="1" failures="0" timestamp="20 Apr 2020 23:45:26 GMT" time="14.553" errors="0">
  <testcase name="testTypingOnLogIn" time="14.553" classname="facebookhome.LoginTest"/>
</testsuite> <!-- facebookhome.LoginTest -->
