<?xml version="1.0" encoding="UTF-8"?>
<!-- Generated by org.testng.reporters.JUnitReportReporter -->
<testsuite skipped="0" hostname="DESKTOP-P88FQBC" name="facebookhome.LinkTest2" tests="1" failures="0" timestamp="20 Apr 2020 23:45:26 GMT" time="13.367" errors="0">
  <testcase name="linkFb" time="13.367" classname="facebookhome.LinkTest2"/>
</testsuite> <!-- facebookhome.LinkTest2 -->
